<?xml version="1.0" encoding="UTF-8"?>
<testng-results ignored="0" total="1" passed="1" failed="0" skipped="0">
  <reporter-output>
  </reporter-output>
  <suite started-at="2024-04-03T20:23:19 IST" name="Suite" finished-at="2024-04-03T20:23:32 IST" duration-ms="12666">
    <groups>
    </groups>
    <test started-at="2024-04-03T20:23:19 IST" name="Test" finished-at="2024-04-03T20:23:32 IST" duration-ms="12666">
      <class name="TestLayer.RegisterPageTest">
        <test-method is-config="true" signature="setUp()[pri:0, instance:TestLayer.RegisterPageTest@4b0b0854]" started-at="2024-04-03T20:23:19 IST" name="setUp" finished-at="2024-04-03T20:23:28 IST" duration-ms="9357" status="PASS">
          <reporter-output>
          </reporter-output>
        </test-method> <!-- setUp -->
        <test-method signature="validateRegisterUserFunctionality()[pri:0, instance:TestLayer.RegisterPageTest@4b0b0854]" started-at="2024-04-03T20:23:28 IST" name="validateRegisterUserFunctionality" finished-at="2024-04-03T20:23:31 IST" duration-ms="2922" status="PASS">
          <reporter-output>
          </reporter-output>
        </test-method> <!-- validateRegisterUserFunctionality -->
        <test-method is-config="true" signature="tearDown()[pri:0, instance:TestLayer.RegisterPageTest@4b0b0854]" started-at="2024-04-03T20:23:31 IST" name="tearDown" finished-at="2024-04-03T20:23:32 IST" duration-ms="324" status="PASS">
          <reporter-output>
          </reporter-output>
        </test-method> <!-- tearDown -->
      </class> <!-- TestLayer.RegisterPageTest -->
    </test> <!-- Test -->
  </suite> <!-- Suite -->
</testng-results>
