<?xml version="1.0" encoding="UTF-8"?>
<testng-results ignored="0" total="1" passed="1" failed="0" skipped="0">
  <reporter-output>
  </reporter-output>
  <suite started-at="2024-01-12T19:21:23 IST" name="Default suite" finished-at="2024-01-12T19:21:28 IST" duration-ms="4377">
    <groups>
    </groups>
    <test started-at="2024-01-12T19:21:23 IST" name="Default test" finished-at="2024-01-12T19:21:28 IST" duration-ms="4377">
      <class name="TestLayer.RegisterPageTest">
        <test-method is-config="true" signature="setUp()[pri:0, instance:TestLayer.RegisterPageTest@534a5a98]" started-at="2024-01-12T19:21:23 IST" name="setUp" finished-at="2024-01-12T19:21:26 IST" duration-ms="3154" status="PASS">
          <reporter-output>
          </reporter-output>
        </test-method> <!-- setUp -->
        <test-method signature="validateRegisterUserFunctionality()[pri:0, instance:TestLayer.RegisterPageTest@534a5a98]" started-at="2024-01-12T19:21:27 IST" name="validateRegisterUserFunctionality" finished-at="2024-01-12T19:21:28 IST" duration-ms="1010" status="PASS">
          <reporter-output>
          </reporter-output>
        </test-method> <!-- validateRegisterUserFunctionality -->
        <test-method is-config="true" signature="tearDown()[pri:0, instance:TestLayer.RegisterPageTest@534a5a98]" started-at="2024-01-12T19:21:28 IST" name="tearDown" finished-at="2024-01-12T19:21:28 IST" duration-ms="166" status="PASS">
          <reporter-output>
          </reporter-output>
        </test-method> <!-- tearDown -->
      </class> <!-- TestLayer.RegisterPageTest -->
    </test> <!-- Default test -->
  </suite> <!-- Default suite -->
</testng-results>
